Traceback (most recent call last):
  File "C:\Users\User\anaconda3\envs\basenn\lib\site-packages\soundfile.py", line 181, in <module>
    import _soundfile_data  # ImportError if this doesn't exist
ModuleNotFoundError: No module named '_soundfile_data'

During handling of the above exception, another exception occurred:

Traceback (most recent call last):
  File "C:\Users\User\anaconda3\envs\basenn\lib\site-packages\soundfile.py", line 190, in <module>
    raise OSError('sndfile library not found using ctypes.util.find_library')
OSError: sndfile library not found using ctypes.util.find_library

During handling of the above exception, another exception occurred:

Traceback (most recent call last):
  File "C:\Users\User\Documents\Progs\Projects\seepch_to_text\.temp\check_s2t_weights.py", line 5, in <module>
    from transformers import (
  File "<frozen importlib._bootstrap>", line 1075, in _handle_fromlist
  File "C:\Users\User\anaconda3\envs\basenn\lib\site-packages\transformers\utils\import_utils.py", line 2317, in __getattr__
    module = self._get_module(self._class_to_module[name])
  File "C:\Users\User\anaconda3\envs\basenn\lib\site-packages\transformers\utils\import_utils.py", line 2347, in _get_module
    raise e
  File "C:\Users\User\anaconda3\envs\basenn\lib\site-packages\transformers\utils\import_utils.py", line 2345, in _get_module
    return importlib.import_module("." + module_name, self.__name__)
  File "C:\Users\User\anaconda3\envs\basenn\lib\importlib\__init__.py", line 126, in import_module
    return _bootstrap._gcd_import(name[level:], package, level)
  File "C:\Users\User\anaconda3\envs\basenn\lib\site-packages\transformers\models\speech_to_text\modeling_speech_to_text.py", line 34, in <module>
    from ...modeling_layers import GradientCheckpointingLayer
  File "C:\Users\User\anaconda3\envs\basenn\lib\site-packages\transformers\modeling_layers.py", line 28, in <module>
    from .processing_utils import Unpack
  File "C:\Users\User\anaconda3\envs\basenn\lib\site-packages\transformers\processing_utils.py", line 34, in <module>
    from .audio_utils import AudioInput, load_audio
  File "C:\Users\User\anaconda3\envs\basenn\lib\site-packages\transformers\audio_utils.py", line 46, in <module>
    import soundfile as sf
  File "C:\Users\User\anaconda3\envs\basenn\lib\site-packages\soundfile.py", line 212, in <module>
    _snd = _ffi.dlopen(_explicit_libname)
OSError: cannot load library 'libsndfile.dll': error 0x7e
